18:02:31.174 [main] INFO  com.intuit.karate - [print] {
  "status": "success",
  "data": {
    "name": "sample tests",
    "salary": "123",
    "age": "23",
    "id": 9004
  },
  "message": "Successfully! Record has been added."
}
 
18:02:34.096 [main] ERROR com.intuit.karate - classpath:features/create_employee.feature:12
Then status 200
status code was: 429, expected: 200, response time in milliseconds: 1267, url: https://dummy.restapiexample.com/api/v1/create, response: 
{
    "message": "Too Many Attempts."
}
classpath:features/create_employee.feature:12
18:02:34.100 [main] ERROR com.intuit.karate - classpath:features/delete_employee.feature:3
* def responseOfCreateEmployeeId = call read("classpath://features/create_employee.feature")
status code was: 429, expected: 200, response time in milliseconds: 1267, url: https://dummy.restapiexample.com/api/v1/create, response: 
{
    "message": "Too Many Attempts."
}
classpath:features/create_employee.feature:12
classpath:features/delete_employee.feature:3
18:02:35.964 [main] ERROR com.intuit.karate - classpath:features/create_employee.feature:12
Then status 200
status code was: 429, expected: 200, response time in milliseconds: 1441, url: https://dummy.restapiexample.com/api/v1/create, response: 
{
    "message": "Too Many Attempts."
}
classpath:features/create_employee.feature:12
18:02:35.966 [main] ERROR com.intuit.karate - classpath:features/get_employee.feature:3
* def responseOfCreateEmployeeId = call read("classpath://features/create_employee.feature")
status code was: 429, expected: 200, response time in milliseconds: 1441, url: https://dummy.restapiexample.com/api/v1/create, response: 
{
    "message": "Too Many Attempts."
}
classpath:features/create_employee.feature:12
classpath:features/get_employee.feature:3
18:02:37.530 [main] ERROR com.intuit.karate - classpath:features/create_employee.feature:12
Then status 200
status code was: 429, expected: 200, response time in milliseconds: 1276, url: https://dummy.restapiexample.com/api/v1/create, response: 
{
    "message": "Too Many Attempts."
}
classpath:features/create_employee.feature:12
18:02:37.532 [main] ERROR com.intuit.karate - classpath:features/update_employee.feature:4
* def responseOfCreateEmployeeId = call read("classpath://features/create_employee.feature")
status code was: 429, expected: 200, response time in milliseconds: 1276, url: https://dummy.restapiexample.com/api/v1/create, response: 
{
    "message": "Too Many Attempts."
}
classpath:features/create_employee.feature:12
classpath:features/update_employee.feature:4
18:02:40.398 [pool-2-thread-1] ERROR com.intuit.karate - classpath:features/create_employee.feature:12
Then status 200
status code was: 429, expected: 200, response time in milliseconds: 1278, url: https://dummy.restapiexample.com/api/v1/create, response: 
{
    "message": "Too Many Attempts."
}
classpath:features/create_employee.feature:12
18:02:40.417 [pool-2-thread-2] ERROR com.intuit.karate - classpath:features/create_employee.feature:12
Then status 200
status code was: 429, expected: 200, response time in milliseconds: 1294, url: https://dummy.restapiexample.com/api/v1/create, response: 
{
    "message": "Too Many Attempts."
}
classpath:features/create_employee.feature:12
18:02:40.419 [pool-2-thread-2] ERROR com.intuit.karate - classpath:features/delete_employee.feature:3
* def responseOfCreateEmployeeId = call read("classpath://features/create_employee.feature")
status code was: 429, expected: 200, response time in milliseconds: 1294, url: https://dummy.restapiexample.com/api/v1/create, response: 
{
    "message": "Too Many Attempts."
}
classpath:features/create_employee.feature:12
classpath:features/delete_employee.feature:3
18:02:40.822 [pool-3-thread-1] INFO  com.intuit.karate.Suite - <<fail>> feature 1 of 4 (3 remaining) classpath:features/create_employee.feature
18:02:41.160 [pool-3-thread-1] INFO  com.intuit.karate.Suite - <<fail>> feature 2 of 4 (2 remaining) classpath:features/delete_employee.feature
18:02:41.906 [pool-2-thread-2] ERROR com.intuit.karate - classpath:features/create_employee.feature:12
Then status 200
status code was: 429, expected: 200, response time in milliseconds: 1416, url: https://dummy.restapiexample.com/api/v1/create, response: 
{
    "message": "Too Many Attempts."
}
classpath:features/create_employee.feature:12
18:02:41.907 [pool-2-thread-1] ERROR com.intuit.karate - classpath:features/create_employee.feature:12
Then status 200
status code was: 429, expected: 200, response time in milliseconds: 1438, url: https://dummy.restapiexample.com/api/v1/create, response: 
{
    "message": "Too Many Attempts."
}
classpath:features/create_employee.feature:12
18:02:41.908 [pool-2-thread-2] ERROR com.intuit.karate - classpath:features/update_employee.feature:4
* def responseOfCreateEmployeeId = call read("classpath://features/create_employee.feature")
status code was: 429, expected: 200, response time in milliseconds: 1416, url: https://dummy.restapiexample.com/api/v1/create, response: 
{
    "message": "Too Many Attempts."
}
classpath:features/create_employee.feature:12
classpath:features/update_employee.feature:4
18:02:41.908 [pool-2-thread-1] ERROR com.intuit.karate - classpath:features/get_employee.feature:3
* def responseOfCreateEmployeeId = call read("classpath://features/create_employee.feature")
status code was: 429, expected: 200, response time in milliseconds: 1438, url: https://dummy.restapiexample.com/api/v1/create, response: 
{
    "message": "Too Many Attempts."
}
classpath:features/create_employee.feature:12
classpath:features/get_employee.feature:3
18:02:42.118 [pool-3-thread-1] INFO  com.intuit.karate.Suite - <<fail>> feature 3 of 4 (1 remaining) classpath:features/get_employee.feature
18:02:42.253 [pool-3-thread-1] INFO  com.intuit.karate.Suite - <<fail>> feature 4 of 4 (0 remaining) classpath:features/update_employee.feature
